<?xml version="1.0" encoding="UTF-8"?>
<!-- Generated by org.testng.reporters.JUnitReportReporter -->
<testsuite skipped="0" hostname="DESKTOP-I8S3VFB" name="ChromeTest1" tests="1" failures="0" timestamp="09 Nov 2019 16:56:39 GMT" time="13.454" errors="0">
  <testcase name="test1" time="13.454" classname="ChromeTest1"/>
</testsuite> <!-- ChromeTest1 -->
